
2022/05/31 (01:31:53) | ===> btop++ v.1.2.7
2022/05/31 (01:31:53) | ERROR: No UTF-8 locale detected!
Use --utf-force argument to force start if you're sure your terminal can handle it.

2022/05/31 (01:32:06) | ===> btop++ v.1.2.7
2022/05/31 (01:32:06) | WARNING: No UTF-8 locale detected! Forcing start with --utf-force argument.

2022/05/31 (14:38:36) | ===> btop++ v.1.2.7
2022/05/31 (14:38:36) | ERROR: No UTF-8 locale detected!
Use --utf-force argument to force start if you're sure your terminal can handle it.

2022/05/31 (14:38:46) | ===> btop++ v.1.2.7
2022/05/31 (14:38:46) | WARNING: No UTF-8 locale detected! Forcing start with --utf-force argument.

2022/05/31 (14:39:40) | ===> btop++ v.1.2.7
2022/05/31 (14:39:40) | ERROR: No UTF-8 locale detected!
Use --utf-force argument to force start if you're sure your terminal can handle it.

2022/05/31 (14:45:15) | ===> btop++ v.1.2.7
2022/05/31 (14:45:15) | ERROR: No UTF-8 locale detected!
Use --utf-force argument to force start if you're sure your terminal can handle it.

2022/05/31 (14:45:24) | ===> btop++ v.1.2.7
2022/05/31 (14:45:24) | WARNING: No UTF-8 locale detected! Forcing start with --utf-force argument.

2022/05/31 (14:49:53) | ===> btop++ v.1.2.7
2022/05/31 (14:49:53) | WARNING: No UTF-8 locale detected! Forcing start with --utf-force argument.

2022/05/31 (14:53:01) | ===> btop++ v.1.2.7
2022/05/31 (14:53:01) | ERROR: No UTF-8 locale detected!
Use --utf-force argument to force start if you're sure your terminal can handle it.

2022/05/31 (14:53:10) | ===> btop++ v.1.2.7
2022/05/31 (14:53:10) | WARNING: No UTF-8 locale detected! Forcing start with --utf-force argument.

2022/05/31 (14:57:09) | ===> btop++ v.1.2.7
2022/05/31 (14:57:09) | WARNING: No UTF-8 locale detected! Forcing start with --utf-force argument.

2022/05/31 (14:57:28) | ===> btop++ v.1.2.7
2022/05/31 (14:57:28) | ERROR: No UTF-8 locale detected!
Use --utf-force argument to force start if you're sure your terminal can handle it.

2022/05/31 (20:16:06) | ===> btop++ v.1.2.7
2022/05/31 (20:16:06) | ERROR: No UTF-8 locale detected!
Use --utf-force argument to force start if you're sure your terminal can handle it.

2022/05/31 (20:16:13) | ===> btop++ v.1.2.7
2022/05/31 (20:16:13) | WARNING: No UTF-8 locale detected! Forcing start with --utf-force argument.

2022/06/01 (02:10:19) | ===> btop++ v.1.2.7
2022/06/01 (02:10:19) | ERROR: No UTF-8 locale detected!
Use --utf-force argument to force start if you're sure your terminal can handle it.

2022/06/01 (02:13:55) | ===> btop++ v.1.2.7
2022/06/01 (02:13:55) | ERROR: No UTF-8 locale detected!
Use --utf-force argument to force start if you're sure your terminal can handle it.

2022/06/01 (02:14:03) | ===> btop++ v.1.2.7
2022/06/01 (02:14:03) | WARNING: No UTF-8 locale detected! Forcing start with --utf-force argument.

2022/06/01 (14:55:27) | ===> btop++ v.1.2.7
2022/06/01 (14:55:27) | ERROR: No UTF-8 locale detected!
Use --utf-force argument to force start if you're sure your terminal can handle it.

2022/06/01 (14:55:34) | ===> btop++ v.1.2.7
2022/06/01 (14:55:34) | WARNING: No UTF-8 locale detected! Forcing start with --utf-force argument.

2022/06/02 (17:44:32) | ===> btop++ v.1.2.7
2022/06/02 (17:44:32) | ERROR: No UTF-8 locale detected!
Use --utf-force argument to force start if you're sure your terminal can handle it.

2022/06/02 (17:44:40) | ===> btop++ v.1.2.7
2022/06/02 (17:44:40) | WARNING: No UTF-8 locale detected! Forcing start with --utf-force argument.

2022/06/03 (15:42:09) | ===> btop++ v.1.2.7
2022/06/03 (15:42:09) | ERROR: No UTF-8 locale detected!
Use --utf-force argument to force start if you're sure your terminal can handle it.

2022/06/03 (15:42:16) | ===> btop++ v.1.2.7
2022/06/03 (15:42:16) | WARNING: No UTF-8 locale detected! Forcing start with --utf-force argument.

2022/06/04 (00:10:43) | ===> btop++ v.1.2.7
2022/06/04 (00:10:43) | WARNING: No UTF-8 locale detected! Forcing start with --utf-force argument.

2022/06/04 (00:12:20) | ===> btop++ v.1.2.7
2022/06/04 (00:12:20) | WARNING: No UTF-8 locale detected! Forcing start with --utf-force argument.

2022/06/04 (00:14:26) | ===> btop++ v.1.2.7
2022/06/04 (00:14:26) | WARNING: No UTF-8 locale detected! Forcing start with --utf-force argument.

2022/06/04 (00:28:27) | ===> btop++ v.1.2.7
2022/06/04 (00:28:27) | WARNING: No UTF-8 locale detected! Forcing start with --utf-force argument.

2022/06/04 (00:37:57) | ===> btop++ v.1.2.7
2022/06/04 (00:37:57) | WARNING: No UTF-8 locale detected! Forcing start with --utf-force argument.
2022/06/04 (00:37:57) | ERROR: Invalid hex value: #ba1643

2022/06/04 (02:06:42) | ===> btop++ v.1.2.7
2022/06/04 (02:06:42) | ERROR: No UTF-8 locale detected!
Use --utf-force argument to force start if you're sure your terminal can handle it.

2022/06/04 (02:07:45) | ===> btop++ v.1.2.7
2022/06/04 (02:07:45) | ERROR: No UTF-8 locale detected!
Use --utf-force argument to force start if you're sure your terminal can handle it.

2022/06/04 (02:08:01) | ===> btop++ v.1.2.7
2022/06/04 (02:08:01) | ERROR: No UTF-8 locale detected!
Use --utf-force argument to force start if you're sure your terminal can handle it.

2022/06/04 (02:08:09) | ===> btop++ v.1.2.7
2022/06/04 (02:08:09) | ERROR: No UTF-8 locale detected!
Use --utf-force argument to force start if you're sure your terminal can handle it.

2022/06/04 (02:08:14) | ===> btop++ v.1.2.7
2022/06/04 (02:08:14) | WARNING: No UTF-8 locale detected! Forcing start with --utf-force argument.
2022/06/04 (02:08:14) | ERROR: Invalid hex value: #ba1643

2022/06/04 (02:22:56) | ===> btop++ v.1.2.7
2022/06/04 (02:22:56) | WARNING: No UTF-8 locale detected! Forcing start with --utf-force argument.
2022/06/04 (02:22:56) | ERROR: Invalid hex value: #ba1643

2022/06/04 (02:23:09) | ===> btop++ v.1.2.7
2022/06/04 (02:23:09) | WARNING: No UTF-8 locale detected! Forcing start with --utf-force argument.
2022/06/04 (02:23:09) | ERROR: Invalid hex value: #ba1643

2022/06/04 (03:21:18) | ===> btop++ v.1.2.7
2022/06/04 (03:21:18) | WARNING: No UTF-8 locale detected! Forcing start with --utf-force argument.
2022/06/04 (03:21:18) | ERROR: Invalid hex value: #ba1643

2022/06/04 (03:38:06) | ===> btop++ v.1.2.7
2022/06/04 (03:38:06) | WARNING: No UTF-8 locale detected! Forcing start with --utf-force argument.
2022/06/04 (03:38:06) | ERROR: Invalid hex value: #ba1643

2022/06/04 (03:55:33) | ===> btop++ v.1.2.7
2022/06/04 (03:55:33) | WARNING: No UTF-8 locale detected! Forcing start with --utf-force argument.
2022/06/04 (03:55:33) | ERROR: Invalid hex value: #ba1643

2022/06/04 (04:28:17) | ===> btop++ v.1.2.7
2022/06/04 (04:28:17) | WARNING: No UTF-8 locale detected! Forcing start with --utf-force argument.
2022/06/04 (04:28:17) | ERROR: Invalid hex value: #ba1643

2022/06/04 (14:56:08) | ===> btop++ v.1.2.7
2022/06/04 (14:56:08) | WARNING: No UTF-8 locale detected! Forcing start with --utf-force argument.
2022/06/04 (14:56:08) | ERROR: Invalid hex value: #ba1643

2022/06/05 (01:33:49) | ===> btop++ v.1.2.7
2022/06/05 (01:33:49) | WARNING: No UTF-8 locale detected! Forcing start with --utf-force argument.
2022/06/05 (01:33:49) | ERROR: Invalid hex value: #ba1643

2022/06/05 (01:48:22) | ===> btop++ v.1.2.7
2022/06/05 (01:48:22) | WARNING: No UTF-8 locale detected! Forcing start with --utf-force argument.
2022/06/05 (01:48:22) | ERROR: Invalid hex value: #ba1643

2022/06/05 (01:48:55) | ===> btop++ v.1.2.7
2022/06/05 (01:48:55) | WARNING: No UTF-8 locale detected! Forcing start with --utf-force argument.
2022/06/05 (01:48:55) | ERROR: Invalid hex value: #ba1643

2022/06/05 (02:08:41) | ===> btop++ v.1.2.7
2022/06/05 (02:08:41) | WARNING: No UTF-8 locale detected! Forcing start with --utf-force argument.
2022/06/05 (02:08:41) | ERROR: Invalid hex value: #ba1643

2022/06/05 (03:35:50) | ===> btop++ v.1.2.7
2022/06/05 (03:35:50) | WARNING: No UTF-8 locale detected! Forcing start with --utf-force argument.
2022/06/05 (03:35:50) | ERROR: Invalid hex value: #ba1643

2022/06/05 (16:22:35) | ===> btop++ v.1.2.7
2022/06/05 (16:22:35) | WARNING: No UTF-8 locale detected! Forcing start with --utf-force argument.
2022/06/05 (16:22:35) | ERROR: Invalid hex value: #ba1643
